Release 14.7 - xst P.20131013 (nt64)
Copyright (c) 1995-2013 Xilinx, Inc.  All rights reserved.
--> Parameter TMPDIR set to xst/projnav.tmp


Total REAL time to Xst completion: 0.00 secs
Total CPU time to Xst completion: 0.13 secs
 
--> Parameter xsthdpdir set to xst


Total REAL time to Xst completion: 0.00 secs
Total CPU time to Xst completion: 0.13 secs
 
--> Reading design: MAIN.prj

TABLE OF CONTENTS
  1) Synthesis Options Summary
  2) HDL Parsing
  3) HDL Elaboration
  4) HDL Synthesis
       4.1) HDL Synthesis Report
  5) Advanced HDL Synthesis
       5.1) Advanced HDL Synthesis Report
  6) Low Level Synthesis
  7) Partition Report
  8) Design Summary
       8.1) Primitive and Black Box Usage
       8.2) Device utilization summary
       8.3) Partition Resource Summary
       8.4) Timing Report
            8.4.1) Clock Information
            8.4.2) Asynchronous Control Signals Information
            8.4.3) Timing Summary
            8.4.4) Timing Details
            8.4.5) Cross Clock Domains Report


=========================================================================
*                      Synthesis Options Summary                        *
=========================================================================
---- Source Parameters
Input File Name                    : "MAIN.prj"
Ignore Synthesis Constraint File   : NO

---- Target Parameters
Output File Name                   : "MAIN"
Output Format                      : NGC
Target Device                      : xc6slx9-3-tqg144

---- Source Options
Top Module Name                    : MAIN
Automatic FSM Extraction           : YES
FSM Encoding Algorithm             : Auto
Safe Implementation                : No
FSM Style                          : LUT
RAM Extraction                     : Yes
RAM Style                          : Auto
ROM Extraction                     : Yes
Shift Register Extraction          : YES
ROM Style                          : Auto
Resource Sharing                   : YES
Asynchronous To Synchronous        : NO
Shift Register Minimum Size        : 2
Use DSP Block                      : Auto
Automatic Register Balancing       : No

---- Target Options
LUT Combining                      : Auto
Reduce Control Sets                : Auto
Add IO Buffers                     : YES
Global Maximum Fanout              : 100000
Add Generic Clock Buffer(BUFG)     : 16
Register Duplication               : YES
Optimize Instantiated Primitives   : NO
Use Clock Enable                   : Auto
Use Synchronous Set                : Auto
Use Synchronous Reset              : Auto
Pack IO Registers into IOBs        : Auto
Equivalent register Removal        : YES

---- General Options
Optimization Goal                  : Speed
Optimization Effort                : 1
Power Reduction                    : NO
Keep Hierarchy                     : No
Netlist Hierarchy                  : As_Optimized
RTL Output                         : Yes
Global Optimization                : AllClockNets
Read Cores                         : YES
Write Timing Constraints           : NO
Cross Clock Analysis               : NO
Hierarchy Separator                : /
Bus Delimiter                      : <>
Case Specifier                     : Maintain
Slice Utilization Ratio            : 100
BRAM Utilization Ratio             : 100
DSP48 Utilization Ratio            : 100
Auto BRAM Packing                  : NO
Slice Utilization Ratio Delta      : 5

=========================================================================


=========================================================================
*                          HDL Parsing                                  *
=========================================================================
Parsing VHDL file "C:\Users\LENOVO\Desktop\projectDigi\vhdl-example-main\secondary_board\MAIN.vhd" into library work
Parsing entity <MAIN>.
Parsing architecture <Behavioral> of entity <main>.

=========================================================================
*                            HDL Elaboration                            *
=========================================================================

Elaborating entity <MAIN> (architecture <Behavioral>) from library <work>.

=========================================================================
*                           HDL Synthesis                               *
=========================================================================

Synthesizing Unit <MAIN>.
    Related source file is "C:\Users\LENOVO\Desktop\projectDigi\vhdl-example-main\secondary_board\MAIN.vhd".
    Found 31-bit register for signal <button_debounce_p1_ready>.
    Found 31-bit register for signal <button_debounce_p1_right>.
    Found 31-bit register for signal <button_debounce_p2_left>.
    Found 31-bit register for signal <button_debounce_p2_ready>.
    Found 31-bit register for signal <button_debounce_p2_right>.
    Found 1-bit register for signal <P1_LEFT_OUT>.
    Found 1-bit register for signal <P1_READY_OUT>.
    Found 1-bit register for signal <P1_RIGHT_OUT>.
    Found 1-bit register for signal <P2_LEFT_OUT>.
    Found 1-bit register for signal <P2_READY_OUT>.
    Found 1-bit register for signal <P2_RIGHT_OUT>.
    Found 31-bit register for signal <button_debounce_p1_left>.
    Found 31-bit subtractor for signal <GND_5_o_GND_5_o_sub_8_OUT<30:0>> created at line 59.
    Found 31-bit subtractor for signal <GND_5_o_GND_5_o_sub_11_OUT<30:0>> created at line 65.
    Found 31-bit subtractor for signal <GND_5_o_GND_5_o_sub_14_OUT<30:0>> created at line 71.
    Found 31-bit subtractor for signal <GND_5_o_GND_5_o_sub_17_OUT<30:0>> created at line 77.
    Found 31-bit subtractor for signal <GND_5_o_GND_5_o_sub_20_OUT<30:0>> created at line 83.
    Found 31-bit subtractor for signal <GND_5_o_GND_5_o_sub_23_OUT<30:0>> created at line 89.
    Found 31-bit comparator lessequal for signal <GND_5_o_button_debounce_p1_left[30]_LessThan_7_o> created at line 58
    Found 31-bit comparator lessequal for signal <GND_5_o_button_debounce_p1_ready[30]_LessThan_10_o> created at line 64
    Found 31-bit comparator lessequal for signal <GND_5_o_button_debounce_p1_right[30]_LessThan_13_o> created at line 70
    Found 31-bit comparator lessequal for signal <GND_5_o_button_debounce_p2_left[30]_LessThan_16_o> created at line 76
    Found 31-bit comparator lessequal for signal <GND_5_o_button_debounce_p2_ready[30]_LessThan_19_o> created at line 82
    Found 31-bit comparator lessequal for signal <GND_5_o_button_debounce_p2_right[30]_LessThan_22_o> created at line 88
    Summary:
	inferred   6 Adder/Subtractor(s).
	inferred 192 D-type flip-flop(s).
	inferred   6 Comparator(s).
	inferred  12 Multiplexer(s).
Unit <MAIN> synthesized.

=========================================================================
HDL Synthesis Report

Macro Statistics
# Adders/Subtractors                                   : 6
 31-bit subtractor                                     : 6
# Registers                                            : 12
 1-bit register                                        : 6
 31-bit register                                       : 6
# Comparators                                          : 6
 31-bit comparator lessequal                           : 6
# Multiplexers                                         : 12
 31-bit 2-to-1 multiplexer                             : 12

=========================================================================

=========================================================================
*                       Advanced HDL Synthesis                          *
=========================================================================


=========================================================================
Advanced HDL Synthesis Report

Macro Statistics
# Adders/Subtractors                                   : 6
 31-bit subtractor                                     : 6
# Registers                                            : 192
 Flip-Flops                                            : 192
# Comparators                                          : 6
 31-bit comparator lessequal                           : 6
# Multiplexers                                         : 12
 31-bit 2-to-1 multiplexer                             : 12

=========================================================================

=========================================================================
*                         Low Level Synthesis                           *
=========================================================================

Optimizing unit <MAIN> ...
WARNING:Xst:1293 - FF/Latch <button_debounce_p2_ready_21> has a constant value of 0 in block <MAIN>. This FF/Latch will be trimmed during the optimization process.
WARNING:Xst:1896 - Due to other FF/Latch trimming, FF/Latch <button_debounce_p2_ready_20> has a constant value of 0 in block <MAIN>. This FF/Latch will be trimmed during the optimization process.
WARNING:Xst:1896 - Due to other FF/Latch trimming, FF/Latch <button_debounce_p2_ready_19> has a constant value of 0 in block <MAIN>. This FF/Latch will be trimmed during the optimization process.
WARNING:Xst:1896 - Due to other FF/Latch trimming, FF/Latch <button_debounce_p2_ready_18> has a constant value of 0 in block <MAIN>. This FF/Latch will be trimmed during the optimization process.
WARNING:Xst:1896 - Due to other FF/Latch trimming, FF/Latch <button_debounce_p2_ready_17> has a constant value of 0 in block <MAIN>. This FF/Latch will be trimmed during the optimization process.
WARNING:Xst:1896 - Due to other FF/Latch trimming, FF/Latch <button_debounce_p2_ready_16> has a constant value of 0 in block <MAIN>. This FF/Latch will be trimmed during the optimization process.
WARNING:Xst:1896 - Due to other FF/Latch trimming, FF/Latch <button_debounce_p2_ready_15> has a constant value of 0 in block <MAIN>. This FF/Latch will be trimmed during the optimization process.
WARNING:Xst:1896 - Due to other FF/Latch trimming, FF/Latch <button_debounce_p2_ready_14> has a constant value of 0 in block <MAIN>. This FF/Latch will be trimmed during the optimization process.
WARNING:Xst:1896 - Due to other FF/Latch trimming, FF/Latch <button_debounce_p1_right_30> has a constant value of 0 in block <MAIN>. This FF/Latch will be trimmed during the optimization process.
WARNING:Xst:1896 - Due to other FF/Latch trimming, FF/Latch <button_debounce_p1_right_29> has a constant value of 0 in block <MAIN>. This FF/Latch will be trimmed during the optimization process.
WARNING:Xst:1896 - Due to other FF/Latch trimming, FF/Latch <button_debounce_p1_right_28> has a constant value of 0 in block <MAIN>. This FF/Latch will be trimmed during the optimization process.
WARNING:Xst:1896 - Due to other FF/Latch trimming, FF/Latch <button_debounce_p1_right_27> has a constant value of 0 in block <MAIN>. This FF/Latch will be trimmed during the optimization process.
WARNING:Xst:1896 - Due to other FF/Latch trimming, FF/Latch <button_debounce_p1_right_26> has a constant value of 0 in block <MAIN>. This FF/Latch will be trimmed during the optimization process.
WARNING:Xst:1896 - Due to other FF/Latch trimming, FF/Latch <button_debounce_p1_right_25> has a constant value of 0 in block <MAIN>. This FF/Latch will be trimmed during the optimization process.
WARNING:Xst:1896 - Due to other FF/Latch trimming, FF/Latch <button_debounce_p1_right_24> has a constant value of 0 in block <MAIN>. This FF/Latch will be trimmed during the optimization process.
WARNING:Xst:1896 - Due to other FF/Latch trimming, FF/Latch <button_debounce_p1_right_23> has a constant value of 0 in block <MAIN>. This FF/Latch will be trimmed during the optimization process.
WARNING:Xst:1896 - Due to other FF/Latch trimming, FF/Latch <button_debounce_p1_right_22> has a constant value of 0 in block <MAIN>. This FF/Latch will be trimmed during the optimization process.
WARNING:Xst:1896 - Due to other FF/Latch trimming, FF/Latch <button_debounce_p1_right_21> has a constant value of 0 in block <MAIN>. This FF/Latch will be trimmed during the optimization process.
WARNING:Xst:1896 - Due to other FF/Latch trimming, FF/Latch <button_debounce_p1_right_20> has a constant value of 0 in block <MAIN>. This FF/Latch will be trimmed during the optimization process.
WARNING:Xst:1896 - Due to other FF/Latch trimming, FF/Latch <button_debounce_p1_right_19> has a constant value of 0 in block <MAIN>. This FF/Latch will be trimmed during the optimization process.
WARNING:Xst:1896 - Due to other FF/Latch trimming, FF/Latch <button_debounce_p1_right_18> has a constant value of 0 in block <MAIN>. This FF/Latch will be trimmed during the optimization process.
WARNING:Xst:1896 - Due to other FF/Latch trimming, FF/Latch <button_debounce_p1_right_17> has a constant value of 0 in block <MAIN>. This FF/Latch will be trimmed during the optimization process.
WARNING:Xst:1896 - Due to other FF/Latch trimming, FF/Latch <button_debounce_p1_right_16> has a constant value of 0 in block <MAIN>. This FF/Latch will be trimmed during the optimization process.
WARNING:Xst:1896 - Due to other FF/Latch trimming, FF/Latch <button_debounce_p1_right_15> has a constant value of 0 in block <MAIN>. This FF/Latch will be trimmed during the optimization process.
WARNING:Xst:1896 - Due to other FF/Latch trimming, FF/Latch <button_debounce_p1_right_14> has a constant value of 0 in block <MAIN>. This FF/Latch will be trimmed during the optimization process.
WARNING:Xst:1896 - Due to other FF/Latch trimming, FF/Latch <button_debounce_p2_right_30> has a constant value of 0 in block <MAIN>. This FF/Latch will be trimmed during the optimization process.
WARNING:Xst:1896 - Due to other FF/Latch trimming, FF/Latch <button_debounce_p2_right_29> has a constant value of 0 in block <MAIN>. This FF/Latch will be trimmed during the optimization process.
WARNING:Xst:1896 - Due to other FF/Latch trimming, FF/Latch <button_debounce_p2_right_28> has a constant value of 0 in block <MAIN>. This FF/Latch will be trimmed during the optimization process.
WARNING:Xst:1896 - Due to other FF/Latch trimming, FF/Latch <button_debounce_p2_right_27> has a constant value of 0 in block <MAIN>. This FF/Latch will be trimmed during the optimization process.
WARNING:Xst:1896 - Due to other FF/Latch trimming, FF/Latch <button_debounce_p2_right_26> has a constant value of 0 in block <MAIN>. This FF/Latch will be trimmed during the optimization process.
WARNING:Xst:1896 - Due to other FF/Latch trimming, FF/Latch <button_debounce_p2_right_25> has a constant value of 0 in block <MAIN>. This FF/Latch will be trimmed during the optimization process.
WARNING:Xst:1896 - Due to other FF/Latch trimming, FF/Latch <button_debounce_p2_right_24> has a constant value of 0 in block <MAIN>. This FF/Latch will be trimmed during the optimization process.
WARNING:Xst:1896 - Due to other FF/Latch trimming, FF/Latch <button_debounce_p2_right_23> has a constant value of 0 in block <MAIN>. This FF/Latch will be trimmed during the optimization process.
WARNING:Xst:1896 - Due to other FF/Latch trimming, FF/Latch <button_debounce_p2_right_22> has a constant value of 0 in block <MAIN>. This FF/Latch will be trimmed during the optimization process.
WARNING:Xst:1896 - Due to other FF/Latch trimming, FF/Latch <button_debounce_p2_right_21> has a constant value of 0 in block <MAIN>. This FF/Latch will be trimmed during the optimization process.
WARNING:Xst:1896 - Due to other FF/Latch trimming, FF/Latch <button_debounce_p2_right_20> has a constant value of 0 in block <MAIN>. This FF/Latch will be trimmed during the optimization process.
WARNING:Xst:1896 - Due to other FF/Latch trimming, FF/Latch <button_debounce_p2_right_19> has a constant value of 0 in block <MAIN>. This FF/Latch will be trimmed during the optimization process.
WARNING:Xst:1896 - Due to other FF/Latch trimming, FF/Latch <button_debounce_p2_right_18> has a constant value of 0 in block <MAIN>. This FF/Latch will be trimmed during the optimization process.
WARNING:Xst:1896 - Due to other FF/Latch trimming, FF/Latch <button_debounce_p2_right_17> has a constant value of 0 in block <MAIN>. This FF/Latch will be trimmed during the optimization process.
WARNING:Xst:1896 - Due to other FF/Latch trimming, FF/Latch <button_debounce_p2_right_16> has a constant value of 0 in block <MAIN>. This FF/Latch will be trimmed during the optimization process.
WARNING:Xst:1896 - Due to other FF/Latch trimming, FF/Latch <button_debounce_p2_right_15> has a constant value of 0 in block <MAIN>. This FF/Latch will be trimmed during the optimization process.
WARNING:Xst:1896 - Due to other FF/Latch trimming, FF/Latch <button_debounce_p2_right_14> has a constant value of 0 in block <MAIN>. This FF/Latch will be trimmed during the optimization process.
WARNING:Xst:1896 - Due to other FF/Latch trimming, FF/Latch <button_debounce_p2_ready_30> has a constant value of 0 in block <MAIN>. This FF/Latch will be trimmed during the optimization process.
WARNING:Xst:1896 - Due to other FF/Latch trimming, FF/Latch <button_debounce_p2_ready_29> has a constant value of 0 in block <MAIN>. This FF/Latch will be trimmed during the optimization process.
WARNING:Xst:1896 - Due to other FF/Latch trimming, FF/Latch <button_debounce_p2_ready_28> has a constant value of 0 in block <MAIN>. This FF/Latch will be trimmed during the optimization process.
WARNING:Xst:1896 - Due to other FF/Latch trimming, FF/Latch <button_debounce_p2_ready_27> has a constant value of 0 in block <MAIN>. This FF/Latch will be trimmed during the optimization process.
WARNING:Xst:1896 - Due to other FF/Latch trimming, FF/Latch <button_debounce_p2_ready_26> has a constant value of 0 in block <MAIN>. This FF/Latch will be trimmed during the optimization process.
WARNING:Xst:1896 - Due to other FF/Latch trimming, FF/Latch <button_debounce_p2_ready_25> has a constant value of 0 in block <MAIN>. This FF/Latch will be trimmed during the optimization process.
WARNING:Xst:1896 - Due to other FF/Latch trimming, FF/Latch <button_debounce_p2_ready_24> has a constant value of 0 in block <MAIN>. This FF/Latch will be trimmed during the optimization process.
WARNING:Xst:1896 - Due to other FF/Latch trimming, FF/Latch <button_debounce_p2_ready_23> has a constant value of 0 in block <MAIN>. This FF/Latch will be trimmed during the optimization process.
WARNING:Xst:1896 - Due to other FF/Latch trimming, FF/Latch <button_debounce_p2_ready_22> has a constant value of 0 in block <MAIN>. This FF/Latch will be trimmed during the optimization process.
WARNING:Xst:1896 - Due to other FF/Latch trimming, FF/Latch <button_debounce_p2_left_21> has a constant value of 0 in block <MAIN>. This FF/Latch will be trimmed during the optimization process.
WARNING:Xst:1896 - Due to other FF/Latch trimming, FF/Latch <button_debounce_p2_left_20> has a constant value of 0 in block <MAIN>. This FF/Latch will be trimmed during the optimization process.
WARNING:Xst:1896 - Due to other FF/Latch trimming, FF/Latch <button_debounce_p2_left_19> has a constant value of 0 in block <MAIN>. This FF/Latch will be trimmed during the optimization process.
WARNING:Xst:1896 - Due to other FF/Latch trimming, FF/Latch <button_debounce_p2_left_18> has a constant value of 0 in block <MAIN>. This FF/Latch will be trimmed during the optimization process.
WARNING:Xst:1896 - Due to other FF/Latch trimming, FF/Latch <button_debounce_p2_left_17> has a constant value of 0 in block <MAIN>. This FF/Latch will be trimmed during the optimization process.
WARNING:Xst:1896 - Due to other FF/Latch trimming, FF/Latch <button_debounce_p2_left_16> has a constant value of 0 in block <MAIN>. This FF/Latch will be trimmed during the optimization process.
WARNING:Xst:1896 - Due to other FF/Latch trimming, FF/Latch <button_debounce_p2_left_15> has a constant value of 0 in block <MAIN>. This FF/Latch will be trimmed during the optimization process.
WARNING:Xst:1896 - Due to other FF/Latch trimming, FF/Latch <button_debounce_p2_left_14> has a constant value of 0 in block <MAIN>. This FF/Latch will be trimmed during the optimization process.
WARNING:Xst:1896 - Due to other FF/Latch trimming, FF/Latch <button_debounce_p1_left_30> has a constant value of 0 in block <MAIN>. This FF/Latch will be trimmed during the optimization process.
WARNING:Xst:1896 - Due to other FF/Latch trimming, FF/Latch <button_debounce_p1_left_29> has a constant value of 0 in block <MAIN>. This FF/Latch will be trimmed during the optimization process.
WARNING:Xst:1896 - Due to other FF/Latch trimming, FF/Latch <button_debounce_p1_left_28> has a constant value of 0 in block <MAIN>. This FF/Latch will be trimmed during the optimization process.
WARNING:Xst:1896 - Due to other FF/Latch trimming, FF/Latch <button_debounce_p1_left_27> has a constant value of 0 in block <MAIN>. This FF/Latch will be trimmed during the optimization process.
WARNING:Xst:1896 - Due to other FF/Latch trimming, FF/Latch <button_debounce_p1_left_26> has a constant value of 0 in block <MAIN>. This FF/Latch will be trimmed during the optimization process.
WARNING:Xst:1896 - Due to other FF/Latch trimming, FF/Latch <button_debounce_p1_left_25> has a constant value of 0 in block <MAIN>. This FF/Latch will be trimmed during the optimization process.
WARNING:Xst:1896 - Due to other FF/Latch trimming, FF/Latch <button_debounce_p1_left_24> has a constant value of 0 in block <MAIN>. This FF/Latch will be trimmed during the optimization process.
WARNING:Xst:1896 - Due to other FF/Latch trimming, FF/Latch <button_debounce_p1_left_23> has a constant value of 0 in block <MAIN>. This FF/Latch will be trimmed during the optimization process.
WARNING:Xst:1896 - Due to other FF/Latch trimming, FF/Latch <button_debounce_p1_left_22> has a constant value of 0 in block <MAIN>. This FF/Latch will be trimmed during the optimization process.
WARNING:Xst:1896 - Due to other FF/Latch trimming, FF/Latch <button_debounce_p1_left_21> has a constant value of 0 in block <MAIN>. This FF/Latch will be trimmed during the optimization process.
WARNING:Xst:1896 - Due to other FF/Latch trimming, FF/Latch <button_debounce_p1_left_20> has a constant value of 0 in block <MAIN>. This FF/Latch will be trimmed during the optimization process.
WARNING:Xst:1896 - Due to other FF/Latch trimming, FF/Latch <button_debounce_p1_left_19> has a constant value of 0 in block <MAIN>. This FF/Latch will be trimmed during the optimization process.
WARNING:Xst:1896 - Due to other FF/Latch trimming, FF/Latch <button_debounce_p1_left_18> has a constant value of 0 in block <MAIN>. This FF/Latch will be trimmed during the optimization process.
WARNING:Xst:1896 - Due to other FF/Latch trimming, FF/Latch <button_debounce_p1_left_17> has a constant value of 0 in block <MAIN>. This FF/Latch will be trimmed during the optimization process.
WARNING:Xst:1896 - Due to other FF/Latch trimming, FF/Latch <button_debounce_p1_left_16> has a constant value of 0 in block <MAIN>. This FF/Latch will be trimmed during the optimization process.
WARNING:Xst:1896 - Due to other FF/Latch trimming, FF/Latch <button_debounce_p1_left_15> has a constant value of 0 in block <MAIN>. This FF/Latch will be trimmed during the optimization process.
WARNING:Xst:1896 - Due to other FF/Latch trimming, FF/Latch <button_debounce_p1_left_14> has a constant value of 0 in block <MAIN>. This FF/Latch will be trimmed during the optimization process.
WARNING:Xst:1896 - Due to other FF/Latch trimming, FF/Latch <button_debounce_p1_ready_30> has a constant value of 0 in block <MAIN>. This FF/Latch will be trimmed during the optimization process.
WARNING:Xst:1896 - Due to other FF/Latch trimming, FF/Latch <button_debounce_p1_ready_29> has a constant value of 0 in block <MAIN>. This FF/Latch will be trimmed during the optimization process.
WARNING:Xst:1896 - Due to other FF/Latch trimming, FF/Latch <button_debounce_p1_ready_28> has a constant value of 0 in block <MAIN>. This FF/Latch will be trimmed during the optimization process.
WARNING:Xst:1896 - Due to other FF/Latch trimming, FF/Latch <button_debounce_p1_ready_27> has a constant value of 0 in block <MAIN>. This FF/Latch will be trimmed during the optimization process.
WARNING:Xst:1896 - Due to other FF/Latch trimming, FF/Latch <button_debounce_p1_ready_26> has a constant value of 0 in block <MAIN>. This FF/Latch will be trimmed during the optimization process.
WARNING:Xst:1896 - Due to other FF/Latch trimming, FF/Latch <button_debounce_p1_ready_25> has a constant value of 0 in block <MAIN>. This FF/Latch will be trimmed during the optimization process.
WARNING:Xst:1896 - Due to other FF/Latch trimming, FF/Latch <button_debounce_p1_ready_24> has a constant value of 0 in block <MAIN>. This FF/Latch will be trimmed during the optimization process.
WARNING:Xst:1896 - Due to other FF/Latch trimming, FF/Latch <button_debounce_p1_ready_23> has a constant value of 0 in block <MAIN>. This FF/Latch will be trimmed during the optimization process.
WARNING:Xst:1896 - Due to other FF/Latch trimming, FF/Latch <button_debounce_p1_ready_22> has a constant value of 0 in block <MAIN>. This FF/Latch will be trimmed during the optimization process.
WARNING:Xst:1896 - Due to other FF/Latch trimming, FF/Latch <button_debounce_p1_ready_21> has a constant value of 0 in block <MAIN>. This FF/Latch will be trimmed during the optimization process.
WARNING:Xst:1896 - Due to other FF/Latch trimming, FF/Latch <button_debounce_p1_ready_20> has a constant value of 0 in block <MAIN>. This FF/Latch will be trimmed during the optimization process.
WARNING:Xst:1896 - Due to other FF/Latch trimming, FF/Latch <button_debounce_p1_ready_19> has a constant value of 0 in block <MAIN>. This FF/Latch will be trimmed during the optimization process.
WARNING:Xst:1896 - Due to other FF/Latch trimming, FF/Latch <button_debounce_p1_ready_18> has a constant value of 0 in block <MAIN>. This FF/Latch will be trimmed during the optimization process.
WARNING:Xst:1896 - Due to other FF/Latch trimming, FF/Latch <button_debounce_p1_ready_17> has a constant value of 0 in block <MAIN>. This FF/Latch will be trimmed during the optimization process.
WARNING:Xst:1896 - Due to other FF/Latch trimming, FF/Latch <button_debounce_p1_ready_16> has a constant value of 0 in block <MAIN>. This FF/Latch will be trimmed during the optimization process.
WARNING:Xst:1896 - Due to other FF/Latch trimming, FF/Latch <button_debounce_p1_ready_15> has a constant value of 0 in block <MAIN>. This FF/Latch will be trimmed during the optimization process.
WARNING:Xst:1896 - Due to other FF/Latch trimming, FF/Latch <button_debounce_p1_ready_14> has a constant value of 0 in block <MAIN>. This FF/Latch will be trimmed during the optimization process.
WARNING:Xst:1896 - Due to other FF/Latch trimming, FF/Latch <button_debounce_p2_left_30> has a constant value of 0 in block <MAIN>. This FF/Latch will be trimmed during the optimization process.
WARNING:Xst:1896 - Due to other FF/Latch trimming, FF/Latch <button_debounce_p2_left_29> has a constant value of 0 in block <MAIN>. This FF/Latch will be trimmed during the optimization process.
WARNING:Xst:1896 - Due to other FF/Latch trimming, FF/Latch <button_debounce_p2_left_28> has a constant value of 0 in block <MAIN>. This FF/Latch will be trimmed during the optimization process.
WARNING:Xst:1896 - Due to other FF/Latch trimming, FF/Latch <button_debounce_p2_left_27> has a constant value of 0 in block <MAIN>. This FF/Latch will be trimmed during the optimization process.
WARNING:Xst:1896 - Due to other FF/Latch trimming, FF/Latch <button_debounce_p2_left_26> has a constant value of 0 in block <MAIN>. This FF/Latch will be trimmed during the optimization process.
WARNING:Xst:1896 - Due to other FF/Latch trimming, FF/Latch <button_debounce_p2_left_25> has a constant value of 0 in block <MAIN>. This FF/Latch will be trimmed during the optimization process.
WARNING:Xst:1896 - Due to other FF/Latch trimming, FF/Latch <button_debounce_p2_left_24> has a constant value of 0 in block <MAIN>. This FF/Latch will be trimmed during the optimization process.
WARNING:Xst:1896 - Due to other FF/Latch trimming, FF/Latch <button_debounce_p2_left_23> has a constant value of 0 in block <MAIN>. This FF/Latch will be trimmed during the optimization process.
WARNING:Xst:1896 - Due to other FF/Latch trimming, FF/Latch <button_debounce_p2_left_22> has a constant value of 0 in block <MAIN>. This FF/Latch will be trimmed during the optimization process.

Mapping all equations...
Building and optimizing final netlist ...
Found area constraint ratio of 100 (+ 5) on block MAIN, actual ratio is 6.

Final Macro Processing ...

=========================================================================
Final Register Report

Macro Statistics
# Registers                                            : 90
 Flip-Flops                                            : 90

=========================================================================

=========================================================================
*                           Partition Report                            *
=========================================================================

Partition Implementation Status
-------------------------------

  No Partitions were found in this design.

-------------------------------

=========================================================================
*                            Design Summary                             *
=========================================================================

Top Level Output File Name         : MAIN.ngc

Primitive and Black Box Usage:
------------------------------
# BELS                             : 506
#      GND                         : 1
#      INV                         : 6
#      LUT2                        : 168
#      LUT5                        : 6
#      LUT6                        : 108
#      MUXCY                       : 120
#      MUXF7                       : 12
#      VCC                         : 1
#      XORCY                       : 84
# FlipFlops/Latches                : 90
#      FD                          : 90
# Clock Buffers                    : 1
#      BUFGP                       : 1
# IO Buffers                       : 12
#      IBUF                        : 6
#      OBUF                        : 6

Device utilization summary:
---------------------------

Selected Device : 6slx9tqg144-3 


Slice Logic Utilization: 
 Number of Slice Registers:              90  out of  11440     0%  
 Number of Slice LUTs:                  288  out of   5720     5%  
    Number used as Logic:               288  out of   5720     5%  

Slice Logic Distribution: 
 Number of LUT Flip Flop pairs used:    294
   Number with an unused Flip Flop:     204  out of    294    69%  
   Number with an unused LUT:             6  out of    294     2%  
   Number of fully used LUT-FF pairs:    84  out of    294    28%  
   Number of unique control sets:         1

IO Utilization: 
 Number of IOs:                          13
 Number of bonded IOBs:                  13  out of    102    12%  

Specific Feature Utilization:
 Number of BUFG/BUFGCTRLs:                1  out of     16     6%  

---------------------------
Partition Resource Summary:
---------------------------

  No Partitions were found in this design.

---------------------------


=========================================================================
Timing Report

NOTE: THESE TIMING NUMBERS ARE ONLY A SYNTHESIS ESTIMATE.
      FOR ACCURATE TIMING INFORMATION PLEASE REFER TO THE TRACE REPORT
      GENERATED AFTER PLACE-and-ROUTE.

Clock Information:
------------------
-----------------------------------+------------------------+-------+
Clock Signal                       | Clock buffer(FF name)  | Load  |
-----------------------------------+------------------------+-------+
CLOCK                              | BUFGP                  | 90    |
-----------------------------------+------------------------+-------+

Asynchronous Control Signals Information:
----------------------------------------
No asynchronous control signals found in this design

Timing Summary:
---------------
Speed Grade: -3

   Minimum period: 3.176ns (Maximum Frequency: 314.896MHz)
   Minimum input arrival time before clock: 4.636ns
   Maximum output required time after clock: 3.597ns
   Maximum combinational path delay: No path found

Timing Details:
---------------
All values displayed in nanoseconds (ns)

=========================================================================
Timing constraint: Default period analysis for Clock 'CLOCK'
  Clock period: 3.176ns (frequency: 314.896MHz)
  Total number of paths / destination ports: 1962 / 90
-------------------------------------------------------------------------
Delay:               3.176ns (Levels of Logic = 3)
  Source:            button_debounce_p1_left_0 (FF)
  Destination:       button_debounce_p1_left_0 (FF)
  Source Clock:      CLOCK rising
  Destination Clock: CLOCK rising

  Data Path: button_debounce_p1_left_0 to button_debounce_p1_left_0
                                Gate     Net
    Cell:in->out      fanout   Delay   Delay  Logical Name (Net Name)
    ----------------------------------------  ------------
     FD:C->Q               4   0.447   1.028  button_debounce_p1_left_0 (button_debounce_p1_left_0)
     LUT6:I1->O            1   0.203   0.000  _n0086<30>2_F (N18)
     MUXF7:I0->O          14   0.131   1.062  _n0086<30>2 (_n0086<30>1)
     LUT6:I4->O            1   0.203   0.000  Mmux_button_debounce_p1_left[30]_GND_5_o_mux_8_OUT11 (button_debounce_p1_left[30]_GND_5_o_mux_8_OUT<0>)
     FD:D                      0.102          button_debounce_p1_left_0
    ----------------------------------------
    Total                      3.176ns (1.086ns logic, 2.090ns route)
                                       (34.2% logic, 65.8% route)

=========================================================================
Timing constraint: Default OFFSET IN BEFORE for Clock 'CLOCK'
  Total number of paths / destination ports: 1128 / 90
-------------------------------------------------------------------------
Offset:              4.636ns (Levels of Logic = 4)
  Source:            P1_LEFT (PAD)
  Destination:       button_debounce_p1_left_0 (FF)
  Destination Clock: CLOCK rising

  Data Path: P1_LEFT to button_debounce_p1_left_0
                                Gate     Net
    Cell:in->out      fanout   Delay   Delay  Logical Name (Net Name)
    ----------------------------------------  ------------
     IBUF:I->O            36   1.222   1.713  P1_LEFT_IBUF (P1_LEFT_IBUF)
     LUT6:I0->O            1   0.203   0.000  _n0086<30>2_F (N18)
     MUXF7:I0->O          14   0.131   1.062  _n0086<30>2 (_n0086<30>1)
     LUT6:I4->O            1   0.203   0.000  Mmux_button_debounce_p1_left[30]_GND_5_o_mux_8_OUT11 (button_debounce_p1_left[30]_GND_5_o_mux_8_OUT<0>)
     FD:D                      0.102          button_debounce_p1_left_0
    ----------------------------------------
    Total                      4.636ns (1.861ns logic, 2.775ns route)
                                       (40.1% logic, 59.9% route)

=========================================================================
Timing constraint: Default OFFSET OUT AFTER for Clock 'CLOCK'
  Total number of paths / destination ports: 6 / 6
-------------------------------------------------------------------------
Offset:              3.597ns (Levels of Logic = 1)
  Source:            P1_LEFT_OUT (FF)
  Destination:       P1_LEFT_OUT (PAD)
  Source Clock:      CLOCK rising

  Data Path: P1_LEFT_OUT to P1_LEFT_OUT
                                Gate     Net
    Cell:in->out      fanout   Delay   Delay  Logical Name (Net Name)
    ----------------------------------------  ------------
     FD:C->Q               1   0.447   0.579  P1_LEFT_OUT (P1_LEFT_OUT_OBUF)
     OBUF:I->O                 2.571          P1_LEFT_OUT_OBUF (P1_LEFT_OUT)
    ----------------------------------------
    Total                      3.597ns (3.018ns logic, 0.579ns route)
                                       (83.9% logic, 16.1% route)

=========================================================================

Cross Clock Domains Report:
--------------------------

Clock to Setup on destination clock CLOCK
---------------+---------+---------+---------+---------+
               | Src:Rise| Src:Fall| Src:Rise| Src:Fall|
Source Clock   |Dest:Rise|Dest:Rise|Dest:Fall|Dest:Fall|
---------------+---------+---------+---------+---------+
CLOCK          |    3.176|         |         |         |
---------------+---------+---------+---------+---------+

=========================================================================


Total REAL time to Xst completion: 6.00 secs
Total CPU time to Xst completion: 6.27 secs
 
--> 

Total memory usage is 4502792 kilobytes

Number of errors   :    0 (   0 filtered)
Number of warnings :  102 (   0 filtered)
Number of infos    :    0 (   0 filtered)

